<?xml version="1.0" encoding="UTF-8"?>
<testsuite name="org.cap.test.bankapp.ParameterizedTestCase" tests="3" skipped="0" failures="0" errors="0" timestamp="2016-09-01T12:26:16" hostname="LIN73000499" time="0.002">
  <properties/>
  <testcase name="test_AddNumbers_with_many_inputs[0]" classname="org.cap.test.bankapp.ParameterizedTestCase" time="0.001"/>
  <testcase name="test_AddNumbers_with_many_inputs[1]" classname="org.cap.test.bankapp.ParameterizedTestCase" time="0.0"/>
  <testcase name="test_AddNumbers_with_many_inputs[2]" classname="org.cap.test.bankapp.ParameterizedTestCase" time="0.001"/>
  <system-out><![CDATA[4-->8
0-->0
-1-->-2
]]></system-out>
  <system-err><![CDATA[]]></system-err>
</testsuite>
