<?xml version="1.0" encoding="UTF-8"?>
<testsuite name="org.cap.test.bankapp.TestCaseDepenedencies" tests="1" skipped="0" failures="0" errors="0" timestamp="2016-09-01T12:26:16" hostname="LIN73000499" time="0.134">
  <properties/>
  <testcase name="test_findByAccountId" classname="org.cap.test.bankapp.TestCaseDepenedencies" time="0.134"/>
  <system-out><![CDATA[]]></system-out>
  <system-err><![CDATA[]]></system-err>
</testsuite>
