<?xml version="1.0" encoding="UTF-8"?>
<testsuite name="org.cap.test.bankapp.MyCategory" tests="0" skipped="0" failures="0" errors="0" timestamp="1970-01-01T00:00:00" hostname="LIN73000499" time="0.0">
  <properties/>
  <system-out><![CDATA[BeforeClass Method
AfterClass Method
]]></system-out>
  <system-err><![CDATA[]]></system-err>
</testsuite>
