<?xml version="1.0" encoding="UTF-8"?>
<testsuite name="org.cap.test.bankapp.TestCaseTheory" tests="1" skipped="0" failures="0" errors="0" timestamp="2016-09-01T12:26:16" hostname="LIN73000499" time="0.021">
  <properties/>
  <testcase name="testMyTheory" classname="org.cap.test.bankapp.TestCaseTheory" time="0.021"/>
  <system-out><![CDATA[1-->1
1-->0
1-->-5
1-->3
1-->2
1-->9
0-->1
0-->0
0-->-5
0-->3
0-->2
0-->9
-5-->1
-5-->0
-5-->-5
-5-->3
-5-->2
-5-->9
3-->1
3-->0
3-->-5
3-->3
3-->2
3-->9
2-->1
2-->0
2-->-5
2-->3
2-->2
2-->9
9-->1
9-->0
9-->-5
9-->3
9-->2
9-->9
]]></system-out>
  <system-err><![CDATA[]]></system-err>
</testsuite>
